skAndroid/proguard_logs/seeds.txt
com.skAndroid.activity.CourseActivity
com.skAndroid.activity.CourseActivity: CourseActivity()
com.skAndroid.activity.CourseActivity: void onDetailHandle(android.view.View)
com.skAndroid.activity.GuideActivity
com.skAndroid.activity.GuideActivity: GuideActivity()
com.skAndroid.activity.GuideActivity: void howtouseHandle(android.view.View)
com.skAndroid.activity.GuideActivity: void contactUsHandle(android.view.View)
com.skAndroid.activity.GuideActivity: void createCourseHandle(android.view.View)
com.skAndroid.activity.LessonActivity
com.skAndroid.activity.LessonActivity: LessonActivity()
com.skAndroid.activity.LessonDetailActivity
com.skAndroid.activity.LessonDetailActivity: LessonDetailActivity()
com.skAndroid.activity.LessonDetailActivity: void onSpeakHandle(android.view.View)
com.skAndroid.activity.LessonDetailActivity: void onCheckRemind(android.view.View)
com.skAndroid.activity.LessonDetailActivity: void onListenHandle(android.view.View)
com.skAndroid.activity.LessonDetailActivity: void onSetTargetHandle(android.view.View)
com.skAndroid.activity.MainActivity
com.skAndroid.activity.MainActivity: MainActivity()
com.skAndroid.activity.NotificationActivity
com.skAndroid.activity.NotificationActivity: NotificationActivity()
com.skAndroid.activity.ReminderActivity
com.skAndroid.activity.ReminderActivity: ReminderActivity()
com.skAndroid.activity.ReminderActivity: void onRemoveReminderHandle(android.view.View)
com.skAndroid.animation.CircularProgressBar
com.skAndroid.animation.CircularProgressBar: CircularProgressBar(android.content.Context)
com.skAndroid.animation.CircularProgressBar: CircularProgressBar(android.content.Context,android.util.AttributeSet)
com.skAndroid.animation.CircularProgressBar: CircularProgressBar(android.content.Context,android.util.AttributeSet,int)
com.skAndroid.dto.Counter
com.skAndroid.dto.Counter: int id
com.skAndroid.dto.Counter: java.lang.Integer idDetail
com.skAndroid.dto.Counter: java.lang.Integer score
com.skAndroid.dto.Counter: java.lang.Integer times
com.skAndroid.dto.Counter: java.lang.Integer target
com.skAndroid.dto.Counter: Counter()
com.skAndroid.dto.Counter: Counter(int,java.lang.Integer,java.lang.Integer,java.lang.Integer,java.lang.Integer)
com.skAndroid.dto.Counter: int getId()
com.skAndroid.dto.Counter: void setId(int)
com.skAndroid.dto.Counter: java.lang.Integer getIdDetail()
com.skAndroid.dto.Counter: void setIdDetail(java.lang.Integer)
com.skAndroid.dto.Counter: java.lang.Integer getScore()
com.skAndroid.dto.Counter: void setScore(java.lang.Integer)
com.skAndroid.dto.Counter: java.lang.Integer getTimes()
com.skAndroid.dto.Counter: void setTimes(java.lang.Integer)
com.skAndroid.dto.Counter: java.lang.Integer getTarget()
com.skAndroid.dto.Counter: void setTarget(java.lang.Integer)
com.skAndroid.dto.Course
com.skAndroid.dto.Course: int id
com.skAndroid.dto.Course: java.lang.String name
com.skAndroid.dto.Course: java.lang.String username
com.skAndroid.dto.Course: java.lang.String detail
com.skAndroid.dto.Course: android.os.Parcelable$Creator CREATOR
com.skAndroid.dto.Course: Course()
com.skAndroid.dto.Course: int getId()
com.skAndroid.dto.Course: void setId(int)
com.skAndroid.dto.Course: java.lang.String getName()
com.skAndroid.dto.Course: void setName(java.lang.String)
com.skAndroid.dto.Course: java.lang.String getUsername()
com.skAndroid.dto.Course: void setUsername(java.lang.String)
com.skAndroid.dto.Course: java.lang.String getDetail()
com.skAndroid.dto.Course: void setDetail(java.lang.String)
com.skAndroid.dto.Course: int describeContents()
com.skAndroid.dto.Course: void writeToParcel(android.os.Parcel,int)
com.skAndroid.dto.Course: void <clinit>()
...
android.support.v4.text.TextDirectionHeuristicsCompat$FirstStrong
android.support.v4.text.TextDirectionHeuristicsCompat$FirstStrong: android.support.v4.text.TextDirectionHeuristicsCompat$FirstStrong INSTANCE
android.support.v4.text.TextDirectionHeuristicsCompat$FirstStrong: int checkRtl(java.lang.CharSequence,int,int)
android.support.v4.text.TextDirectionHeuristicsCompat$FirstStrong: TextDirectionHeuristicsCompat$FirstStrong()
android.support.v4.text.TextDirectionHeuristicsCompat$FirstStrong: void <clinit>()
android.support.v4.text.TextDirectionHeuristicsCompat$TextDirectionAlgorithm
android.support.v4.text.TextDirectionHeuristicsCompat$TextDirectionAlgorithm: int checkRtl(java.lang.CharSequence,int,int)
android.support.v4.text.TextDirectionHeuristicsCompat$TextDirectionHeuristicImpl
android.support.v4.text.TextDirectionHeuristicsCompat$TextDirectionHeuristicImpl: android.support.v4.text.TextDirectionHeuristicsCompat$TextDirectionAlgorithm mAlgorithm
android.support.v4.text.TextDirectionHeuristicsCompat$TextDirectionHeuristicImpl: TextDirectionHeuristicsCompat$TextDirectionHeuristicImpl(android.support.v4.text.TextDirectionHeuristicsCompat$TextDirectionAlgorithm)
android.support.v4.text.TextDirectionHeuristicsCompat$TextDirectionHeuristicImpl: boolean defaultIsRtl()
android.support.v4.text.TextDirectionHeuristicsCompat$TextDirectionHeuristicImpl: boolean isRtl(char[],int,int)
android.support.v4.text.TextDirectionHeuristicsCompat$TextDirectionHeuristicImpl: boolean isRtl(java.lang.CharSequence,int,int)
android.support.v4.text.TextDirectionHeuristicsCompat$TextDirectionHeuristicImpl: boolean doCheck(java.lang.CharSequence,int,int)
android.support.v4.text.TextDirectionHeuristicsCompat$TextDirectionHeuristicInternal
android.support.v4.text.TextDirectionHeuristicsCompat$TextDirectionHeuristicInternal: boolean mDefaultIsRtl
android.support.v4.text.TextDirectionHeuristicsCompat$TextDirectionHeuristicInternal: TextDirectionHeuristicsCompat$TextDirectionHeuristicInternal(android.support.v4.text.TextDirectionHeuristicsCompat$TextDirectionAlgorithm,boolean)
android.support.v4.text.TextDirectionHeuristicsCompat$TextDirectionHeuristicInternal: boolean defaultIsRtl()
android.support.v4.text.TextDirectionHeuristicsCompat$TextDirectionHeuristicInternal: TextDirectionHeuristicsCompat$TextDirectionHeuristicInternal(android.support.v4.text.TextDirectionHeuristicsCompat$TextDirectionAlgorithm,boolean,android.support.v4.text.TextDirectionHeuristicsCompat$1)
android.support.v4.text.TextDirectionHeuristicsCompat$TextDirectionHeuristicLocale
android.support.v4.text.TextDirectionHeuristicsCompat$TextDirectionHeuristicLocale: android.support.v4.text.TextDirectionHeuristicsCompat$TextDirectionHeuristicLocale INSTANCE
android.support.v4.text.TextDirectionHeuristicsCompat$TextDirectionHeuristicLocale: TextDirectionHeuristicsCompat$TextDirectionHeuristicLocale()
android.support.v4.text.TextDirectionHeuristicsCompat$TextDirectionHeuristicLocale: boolean defaultIsRtl()
android.support.v4.text.TextDirectionHeuristicsCompat$TextDirectionHeuristicLocale: void <clinit>()
android.support.v4.text.TextUtilsCompat
android.support.v4.text.TextUtilsCompat: java.util.Locale ROOT
android.support.v4.text.TextUtilsCompat: java.lang.String ARAB_SCRIPT_SUBTAG
android.support.v4.text.TextUtilsCompat: java.lang.String HEBR_SCRIPT_SUBTAG
android.support.v4.text.TextUtilsCompat: TextUtilsCompat()
android.support.v4.text.TextUtilsCompat: java.lang.String htmlEncode(java.lang.String)
android.support.v4.text.TextUtilsCompat: int getLayoutDirectionFromLocale(java.util.Locale)
android.support.v4.text.TextUtilsCompat: int getLayoutDirectionFromFirstChar(java.util.Locale)
android.support.v4.text.TextUtilsCompat: void <clinit>()