skAndroid/proguard_logs/mapping.txt
com.skAndroid.R -> com.skAndroid.a:
com.skAndroid.R$styleable -> com.skAndroid.a$a:
    int[] CircularProgressBar -> a
com.skAndroid.activity.CourseActivity -> com.skAndroid.activity.CourseActivity:
    com.skAndroid.listView.CourseListView courses -> a
    android.content.Context context -> b
    android.widget.ListView lv -> c
    java.util.ArrayList coursesList -> d
    android.app.Dialog dialog -> e
    android.app.ProgressDialog progDialog -> f
    android.widget.Button btnLoadMore -> g
    int page -> h
    java.lang.String urlContext -> i
    java.lang.String keyword -> j
    45:93:void onCreate(android.os.Bundle) -> onCreate
    97:98:void onStart() -> onStart
    102:103:void onBackPressed() -> onBackPressed
    106:121:void onDetailHandle(android.view.View) -> onDetailHandle
com.skAndroid.activity.CourseActivity$1 -> com.skAndroid.activity.CourseActivity$1:
    com.skAndroid.activity.CourseActivity this$0 -> a
    54:55:void onClick(android.view.View) -> onClick
com.skAndroid.activity.CourseActivity$2 -> com.skAndroid.activity.CourseActivity$2:
    com.skAndroid.activity.CourseActivity this$0 -> a
    60:82:void onClick(android.view.View) -> onClick
com.skAndroid.activity.CourseActivity$2$1 -> com.skAndroid.activity.CourseActivity$2$1:
    com.skAndroid.activity.CourseActivity$2 this$1 -> a
    77:78:void onClick(android.content.DialogInterface,int) -> onClick
com.skAndroid.activity.CourseActivity$2$2 -> com.skAndroid.activity.CourseActivity$2$2:
    android.widget.EditText val$searchText -> a
    com.skAndroid.activity.CourseActivity$2 this$1 -> b
    71:73:void onClick(android.content.DialogInterface,int) -> onClick
com.skAndroid.activity.CourseActivity$3 -> com.skAndroid.activity.CourseActivity$3:
    com.skAndroid.activity.CourseActivity this$0 -> a
    90:91:void onClick(android.view.View) -> onClick
com.skAndroid.activity.CourseActivity$4 -> com.skAndroid.activity.CourseActivity$4:
    com.skAndroid.activity.CourseActivity this$0 -> a
    117:118:void onClick(android.view.View) -> onClick
com.skAndroid.activity.CourseActivity$HttpRequestTask -> com.skAndroid.activity.CourseActivity$a:
    com.skAndroid.activity.CourseActivity this$0 -> a
    210:219:void onPreExecute() -> onPreExecute
    223:235:com.skAndroid.dto.Course[] doInBackground$4e799a2a() -> a
    206:206:void onPostExecute(java.lang.Object) -> onPostExecute
    206:206:java.lang.Object doInBackground(java.lang.Object[]) -> doInBackground
com.skAndroid.activity.CourseActivity$HttpRequestTask$1 -> com.skAndroid.activity.CourseActivity$a$1:
    com.skAndroid.activity.CourseActivity$HttpRequestTask this$1 -> a
    263:268:void onItemClick(android.widget.AdapterView,android.view.View,int,long) -> onItemClick
com.skAndroid.activity.CourseActivity$HttpRequestTask$2 -> com.skAndroid.activity.CourseActivity$a$2:
    com.skAndroid.activity.CourseActivity$HttpRequestTask this$1 -> a
    280:281:void onClick(android.content.DialogInterface,int) -> onClick
com.skAndroid.activity.CourseActivity$HttpRequestTask$3 -> com.skAndroid.activity.CourseActivity$a$3:
    com.skAndroid.activity.CourseActivity$HttpRequestTask this$1 -> a
    286:287:void onClick(android.content.DialogInterface,int) -> onClick
com.skAndroid.activity.CourseActivity$LoadDataSearch -> com.skAndroid.activity.CourseActivity$b:
    com.skAndroid.activity.CourseActivity this$0 -> a
    302:311:void onPreExecute() -> onPreExecute
    315:346:com.skAndroid.dto.Course[] doInBackground$4e799a2a() -> a
    298:298:void onPostExecute(java.lang.Object) -> onPostExecute
    298:298:java.lang.Object doInBackground(java.lang.Object[]) -> doInBackground
com.skAndroid.activity.CourseActivity$LoadDataSearch$1 -> com.skAndroid.activity.CourseActivity$b$1:
    com.skAndroid.activity.CourseActivity$LoadDataSearch this$1 -> a
    333:334:void onClick(android.content.DialogInterface,int) -> onClick
...
com.fasterxml.jackson.core.JsonTokenId -> com.fasterxml.jackson.core.JsonTokenId:
    int ID_NOT_AVAILABLE -> ID_NOT_AVAILABLE
    int ID_NO_TOKEN -> ID_NO_TOKEN
    int ID_START_OBJECT -> ID_START_OBJECT
    int ID_END_OBJECT -> ID_END_OBJECT
    int ID_START_ARRAY -> ID_START_ARRAY
    int ID_END_ARRAY -> ID_END_ARRAY
    int ID_FIELD_NAME -> ID_FIELD_NAME
    int ID_STRING -> ID_STRING
    int ID_NUMBER_INT -> ID_NUMBER_INT
    int ID_NUMBER_FLOAT -> ID_NUMBER_FLOAT
    int ID_TRUE -> ID_TRUE
    int ID_FALSE -> ID_FALSE
    int ID_NULL -> ID_NULL
    int ID_EMBEDDED_OBJECT -> ID_EMBEDDED_OBJECT
com.fasterxml.jackson.core.ObjectCodec -> com.fasterxml.jackson.core.ObjectCodec:
    32:32:com.fasterxml.jackson.core.Version version() -> version
    java.lang.Object readValue(com.fasterxml.jackson.core.JsonParser,java.lang.Class) -> readValue
    java.lang.Object readValue(com.fasterxml.jackson.core.JsonParser,com.fasterxml.jackson.core.type.TypeReference) -> readValue
    java.lang.Object readValue(com.fasterxml.jackson.core.JsonParser,com.fasterxml.jackson.core.type.ResolvedType) -> readValue
    java.util.Iterator readValues(com.fasterxml.jackson.core.JsonParser,java.lang.Class) -> readValues
    java.util.Iterator readValues(com.fasterxml.jackson.core.JsonParser,com.fasterxml.jackson.core.type.TypeReference) -> readValues
    java.util.Iterator readValues(com.fasterxml.jackson.core.JsonParser,com.fasterxml.jackson.core.type.ResolvedType) -> readValues
    void writeValue(com.fasterxml.jackson.core.JsonGenerator,java.lang.Object) -> writeValue
    com.fasterxml.jackson.core.TreeNode readTree(com.fasterxml.jackson.core.JsonParser) -> readTree
    void writeTree(com.fasterxml.jackson.core.JsonGenerator,com.fasterxml.jackson.core.TreeNode) -> writeTree
    com.fasterxml.jackson.core.TreeNode createObjectNode() -> createObjectNode
    com.fasterxml.jackson.core.TreeNode createArrayNode() -> createArrayNode
    com.fasterxml.jackson.core.JsonParser treeAsTokens(com.fasterxml.jackson.core.TreeNode) -> treeAsTokens
com.fasterxml.jackson.core.PrettyPrinter -> com.fasterxml.jackson.core.PrettyPrinter:
    void writeRootValueSeparator(com.fasterxml.jackson.core.JsonGenerator) -> writeRootValueSeparator
    void writeStartObject(com.fasterxml.jackson.core.JsonGenerator) -> writeStartObject
    void writeEndObject(com.fasterxml.jackson.core.JsonGenerator,int) -> writeEndObject
    void writeObjectEntrySeparator(com.fasterxml.jackson.core.JsonGenerator) -> writeObjectEntrySeparator
    void writeObjectFieldValueSeparator(com.fasterxml.jackson.core.JsonGenerator) -> writeObjectFieldValueSeparator
    void writeStartArray(com.fasterxml.jackson.core.JsonGenerator) -> writeStartArray
    void writeEndArray(com.fasterxml.jackson.core.JsonGenerator,int) -> writeEndArray
    void writeArrayValueSeparator(com.fasterxml.jackson.core.JsonGenerator) -> writeArrayValueSeparator
    void beforeArrayValues(com.fasterxml.jackson.core.JsonGenerator) -> beforeArrayValues
    void beforeObjectEntries(com.fasterxml.jackson.core.JsonGenerator) -> beforeObjectEntries
com.fasterxml.jackson.core.SerializableString -> com.fasterxml.jackson.core.SerializableString:
    java.lang.String getValue() -> getValue
    int charLength() -> charLength
    char[] asQuotedChars() -> asQuotedChars
    byte[] asUnquotedUTF8() -> asUnquotedUTF8
    byte[] asQuotedUTF8() -> asQuotedUTF8
    int appendQuotedUTF8(byte[],int) -> appendQuotedUTF8
    int appendQuoted(char[],int) -> appendQuoted
    int appendUnquotedUTF8(byte[],int) -> appendUnquotedUTF8
    int appendUnquoted(char[],int) -> appendUnquoted
    int writeQuotedUTF8(java.io.OutputStream) -> writeQuotedUTF8
    int writeUnquotedUTF8(java.io.OutputStream) -> writeUnquotedUTF8
    int putQuotedUTF8(java.nio.ByteBuffer) -> putQuotedUTF8
    int putUnquotedUTF8(java.nio.ByteBuffer) -> putUnquotedUTF8