skAndroid/proguard_logs/usage.txt
com.skAndroid.BuildConfig
com.skAndroid.R:
    10:224:public R()
com.skAndroid.R$attr
com.skAndroid.R$color
com.skAndroid.R$drawable
com.skAndroid.R$id
com.skAndroid.R$layout
com.skAndroid.R$string
com.skAndroid.R$style
com.skAndroid.R$styleable:
    public static final int CircularProgressBar_backgroundColor
    public static final int CircularProgressBar_hasShadow
    public static final int CircularProgressBar_progressColor
    public static final int CircularProgressBar_strokeWidth
    public static final int CircularProgressBar_subtitle
    public static final int CircularProgressBar_subtitleColor
    public static final int CircularProgressBar_title
    public static final int CircularProgressBar_titleColor
    224:224:public R$styleable()
com.skAndroid.activity.LessonActivity:
    com.skAndroid.dto.Lesson[] checkPage
com.skAndroid.activity.NotificationActivity:
    private android.widget.ProgressBar progressBarVolume
    int result
com.skAndroid.animation.CircularProgressBar:
    private static final java.lang.String TAG
    private static final int STROKE_WIDTH
    256:258:public synchronized void setSubTitle(java.lang.String)
    261:263:public synchronized void setSubTitleColor(int)
    266:268:public synchronized void setTitleColor(int)
    271:273:public synchronized void setHasShadow(boolean)
    276:278:public synchronized void setShadow(int)
    281:281:public java.lang.String getTitle()
    285:285:public boolean getHasShadow()
com.skAndroid.common.Common:
    public static final java.lang.String MAIN_COURSE
    public static final java.lang.String STOP_REMIND
    public static final java.lang.String START_REMIND
    public static final java.lang.String REMINDER_TABLE
    6:6:public Common()
com.skAndroid.dbHelper.DatabaseUtil:
    33:34:public void close()
    67:81:public java.util.List getListIdReminder()
    85:96:public com.skAndroid.dto.Reminder getReminder(int)
com.skAndroid.listView.LessonDetailViewBase:
    private android.widget.ListView lv
com.skAndroid.util.Util
...
android.support.annotation.AnimRes
android.support.annotation.AnimatorRes
android.support.annotation.AnyRes
android.support.annotation.ArrayRes
android.support.annotation.AttrRes
android.support.annotation.BoolRes
android.support.annotation.ColorRes
android.support.annotation.DimenRes
android.support.annotation.DrawableRes
android.support.annotation.FractionRes
android.support.annotation.IdRes
android.support.annotation.IntDef
android.support.annotation.IntegerRes
android.support.annotation.InterpolatorRes
android.support.annotation.LayoutRes
android.support.annotation.MenuRes
android.support.annotation.NonNull
android.support.annotation.Nullable
android.support.annotation.PluralsRes
android.support.annotation.RawRes
android.support.annotation.StringDef
android.support.annotation.StringRes
android.support.annotation.StyleRes
android.support.annotation.StyleableRes
android.support.annotation.XmlRes